2026-01-15 14:55:30 | Logging to: body-pretrained-encoder/checkpoints/train_20260115_145530.log
2026-01-15 14:55:30 | ============================================================
2026-01-15 14:55:30 | PTv3 Encoder Pretraining
2026-01-15 14:55:30 | ============================================================
2026-01-15 14:55:30 | Using GPU(s): 2
2026-01-15 14:55:30 | Device: cuda:0, AMP: True
2026-01-15 14:55:30 | Building dataloaders...
2026-01-15 14:55:30 | Train batches: 402, Val batches: 50
2026-01-15 14:55:30 | Building model...
2026-01-15 14:55:32 | Model parameters: 46.22M
2026-01-15 14:55:32 | ----------------------------------------
2026-01-15 14:55:32 | Config:
2026-01-15 14:55:32 |   epochs: 200
2026-01-15 14:55:32 |   batch_size: 8
2026-01-15 14:55:32 |   lr: 0.0001
2026-01-15 14:55:32 |   weight_decay: 0.05
2026-01-15 14:55:32 |   num_points: 8192
2026-01-15 14:55:32 |   mask_ratio: 0.6
2026-01-15 14:55:32 | ----------------------------------------
2026-01-15 14:55:32 | Warming up spconv...
2026-01-15 14:55:34 | Warmup complete
2026-01-15 14:55:34 | 
Starting training from epoch 1...
2026-01-15 14:59:07 | Epoch 1/200 | Train: 129605.914995 | Val: 132954.301367 | Best: 132954.301367 | LR: 1.09e-05 | Time: 213.2s *
2026-01-15 14:59:07 |   Metrics | CD: 201700.722500 | F-Score: 0.0000 (P:0.0000 R:0.0000) | L2: 515.273933
2026-01-15 15:02:45 | Epoch 2/200 | Train: 128380.541025 | Val: 130680.831367 | Best: 130680.831367 | LR: 2.08e-05 | Time: 217.6s *
2026-01-15 15:02:45 |   Metrics | CD: 198177.230078 | F-Score: 0.0000 (P:0.0000 R:0.0000) | L2: 509.221755
2026-01-15 15:06:22 | Epoch 3/200 | Train: 118683.319851 | Val: 111357.012461 | Best: 111357.012461 | LR: 3.07e-05 | Time: 216.8s *
2026-01-15 15:06:22 |   Metrics | CD: 162622.363437 | F-Score: 0.0000 (P:0.0000 R:0.0000) | L2: 458.302590
2026-01-15 15:09:55 | Epoch 4/200 | Train: 83578.851587 | Val: 71397.677422 | Best: 71397.677422 | LR: 4.06e-05 | Time: 213.7s *
2026-01-15 15:09:55 |   Metrics | CD: 99558.780469 | F-Score: 0.0000 (P:0.0000 R:0.0000) | L2: 354.521833
2026-01-15 15:13:31 | Epoch 5/200 | Train: 52821.714912 | Val: 49008.712305 | Best: 49008.712305 | LR: 5.05e-05 | Time: 216.0s *
2026-01-15 15:13:31 |   Metrics | CD: 66758.061953 | F-Score: 0.0000 (P:0.0000 R:0.0000) | L2: 305.041837
2026-01-15 15:17:05 | Epoch 6/200 | Train: 35295.943631 | Val: 30729.462930 | Best: 30729.462930 | LR: 6.04e-05 | Time: 214.1s *
2026-01-15 15:17:05 |   Metrics | CD: 41921.343320 | F-Score: 0.0000 (P:0.0000 R:0.0000) | L2: 270.341042
2026-01-15 15:20:40 | Epoch 7/200 | Train: 25341.080987 | Val: 23834.762441 | Best: 23834.762441 | LR: 7.03e-05 | Time: 214.2s *
2026-01-15 15:20:40 |   Metrics | CD: 32313.734453 | F-Score: 0.0000 (P:0.0000 R:0.0000) | L2: 245.382240
2026-01-15 15:24:14 | Epoch 8/200 | Train: 22563.442798 | Val: 22743.064297 | Best: 22743.064297 | LR: 8.02e-05 | Time: 214.3s *
2026-01-15 15:24:14 |   Metrics | CD: 31577.366484 | F-Score: 0.0000 (P:0.0000 R:0.0000) | L2: 239.021250
2026-01-15 15:27:48 | Epoch 9/200 | Train: 21510.219178 | Val: 21535.040547 | Best: 21535.040547 | LR: 9.01e-05 | Time: 213.9s *
2026-01-15 15:27:48 |   Metrics | CD: 29251.822969 | F-Score: 0.0000 (P:0.0000 R:0.0000) | L2: 234.377044
2026-01-15 15:31:21 | Epoch 10/200 | Train: 19702.501734 | Val: 21392.397305 | Best: 21392.397305 | LR: 1.00e-04 | Time: 213.2s *
2026-01-15 15:31:21 |   Metrics | CD: 24587.110234 | F-Score: 0.0000 (P:0.0000 R:0.0000) | L2: 232.515742
2026-01-15 15:35:00 | Epoch 11/200 | Train: 16738.548599 | Val: 17804.634668 | Best: 17804.634668 | LR: 1.00e-04 | Time: 218.9s *
2026-01-15 15:35:00 |   Metrics | CD: 18177.471562 | F-Score: 0.0000 (P:0.0000 R:0.0000) | L2: 208.049751
2026-01-15 15:38:38 | Epoch 12/200 | Train: 12689.217273 | Val: 13248.918330 | Best: 13248.918330 | LR: 1.00e-04 | Time: 217.8s *
2026-01-15 15:38:38 |   Metrics | CD: 13308.776309 | F-Score: 0.0000 (P:0.0000 R:0.0000) | L2: 179.878739
2026-01-15 15:42:08 | Epoch 13/200 | Train: 9387.948756 | Val: 11168.294502 | Best: 11168.294502 | LR: 9.99e-05 | Time: 210.8s *
2026-01-15 15:42:08 |   Metrics | CD: 10612.277100 | F-Score: 0.0000 (P:0.0000 R:0.0000) | L2: 164.891395
2026-01-15 15:45:41 | Epoch 14/200 | Train: 7411.166682 | Val: 9232.722441 | Best: 9232.722441 | LR: 9.99e-05 | Time: 212.3s *
2026-01-15 15:45:41 |   Metrics | CD: 9288.324521 | F-Score: 0.0000 (P:0.0000 R:0.0000) | L2: 148.413423
2026-01-15 15:49:13 | Epoch 15/200 | Train: 6993.179397 | Val: 8609.495283 | Best: 8609.495283 | LR: 9.98e-05 | Time: 212.7s *
2026-01-15 15:49:13 |   Metrics | CD: 8855.808672 | F-Score: 0.0000 (P:0.0000 R:0.0000) | L2: 144.916282
2026-01-15 15:52:46 | Epoch 16/200 | Train: 6619.563279 | Val: 8035.843789 | Best: 8035.843789 | LR: 9.98e-05 | Time: 212.9s *
2026-01-15 15:52:46 |   Metrics | CD: 8587.540820 | F-Score: 0.0000 (P:0.0000 R:0.0000) | L2: 139.892699
2026-01-15 15:56:16 | Epoch 17/200 | Train: 6256.498504 | Val: 7865.824736 | Best: 7865.824736 | LR: 9.97e-05 | Time: 209.4s *
2026-01-15 15:56:16 |   Metrics | CD: 8423.654219 | F-Score: 0.0000 (P:0.0000 R:0.0000) | L2: 137.120253
2026-01-15 15:59:49 | Epoch 18/200 | Train: 6118.434152 | Val: 7682.983613 | Best: 7682.983613 | LR: 9.96e-05 | Time: 212.8s *
2026-01-15 15:59:49 |   Metrics | CD: 8317.674551 | F-Score: 0.0000 (P:0.0000 R:0.0000) | L2: 136.640167
2026-01-15 16:03:25 | Epoch 19/200 | Train: 5781.412933 | Val: 7237.528594 | Best: 7237.528594 | LR: 9.95e-05 | Time: 216.6s *
2026-01-15 16:03:25 |   Metrics | CD: 8116.639990 | F-Score: 0.0000 (P:0.0000 R:0.0000) | L2: 130.768823
2026-01-15 16:06:55 | Epoch 20/200 | Train: 5558.316364 | Val: 8748.337031 | Best: 7237.528594 | LR: 9.93e-05 | Time: 210.4s
2026-01-15 16:06:55 |   Metrics | CD: 8754.728281 | F-Score: 0.0000 (P:0.0000 R:0.0000) | L2: 141.100164
2026-01-15 16:10:37 | Epoch 21/200 | Train: 5499.555841 | Val: 6586.786504 | Best: 6586.786504 | LR: 9.92e-05 | Time: 221.8s *
2026-01-15 16:10:37 |   Metrics | CD: 7822.449990 | F-Score: 0.0000 (P:0.0000 R:0.0000) | L2: 125.159157
2026-01-15 16:14:05 | Epoch 22/200 | Train: 5377.745607 | Val: 6761.604639 | Best: 6586.786504 | LR: 9.90e-05 | Time: 207.4s
2026-01-15 16:14:05 |   Metrics | CD: 7826.162871 | F-Score: 0.0000 (P:0.0000 R:0.0000) | L2: 126.637721
2026-01-15 16:17:34 | Epoch 23/200 | Train: 5221.992682 | Val: 6666.678477 | Best: 6586.786504 | LR: 9.89e-05 | Time: 209.5s
2026-01-15 16:17:34 |   Metrics | CD: 7753.535674 | F-Score: 0.0000 (P:0.0000 R:0.0000) | L2: 126.621485
2026-01-15 16:21:03 | Epoch 24/200 | Train: 5158.635344 | Val: 6772.975166 | Best: 6586.786504 | LR: 9.87e-05 | Time: 209.0s
2026-01-15 16:21:03 |   Metrics | CD: 7815.923301 | F-Score: 0.0000 (P:0.0000 R:0.0000) | L2: 126.796847
2026-01-15 16:24:39 | Epoch 25/200 | Train: 5107.226937 | Val: 6576.392754 | Best: 6576.392754 | LR: 9.85e-05 | Time: 215.8s *
2026-01-15 16:24:39 |   Metrics | CD: 7626.169316 | F-Score: 0.0000 (P:0.0000 R:0.0000) | L2: 124.956281
2026-01-15 16:28:14 | Epoch 26/200 | Train: 5018.350519 | Val: 6665.431279 | Best: 6576.392754 | LR: 9.83e-05 | Time: 215.2s
2026-01-15 16:28:14 |   Metrics | CD: 7638.102412 | F-Score: 0.0000 (P:0.0000 R:0.0000) | L2: 124.765618
2026-01-15 16:31:42 | Epoch 27/200 | Train: 4751.251322 | Val: 7320.356172 | Best: 6576.392754 | LR: 9.81e-05 | Time: 207.6s
2026-01-15 16:31:42 |   Metrics | CD: 7673.597744 | F-Score: 0.0000 (P:0.0000 R:0.0000) | L2: 130.861118
2026-01-15 16:35:13 | Epoch 28/200 | Train: 4820.087014 | Val: 6792.370894 | Best: 6576.392754 | LR: 9.78e-05 | Time: 211.0s
2026-01-15 16:35:13 |   Metrics | CD: 6993.293379 | F-Score: 0.0000 (P:0.0000 R:0.0000) | L2: 125.272197
2026-01-15 16:38:45 | Epoch 29/200 | Train: 4271.360086 | Val: 6834.704800 | Best: 6576.392754 | LR: 9.76e-05 | Time: 212.7s
2026-01-15 16:38:45 |   Metrics | CD: 6512.862495 | F-Score: 0.0000 (P:0.0000 R:0.0000) | L2: 123.149469
2026-01-15 16:42:25 | Epoch 30/200 | Train: 3558.555693 | Val: 5165.262612 | Best: 5165.262612 | LR: 9.73e-05 | Time: 219.8s *
2026-01-15 16:42:25 |   Metrics | CD: 4065.837139 | F-Score: 0.0000 (P:0.0000 R:0.0000) | L2: 108.858268
2026-01-15 16:46:07 | Epoch 31/200 | Train: 2518.999553 | Val: 4158.210574 | Best: 4158.210574 | LR: 9.70e-05 | Time: 221.7s *
2026-01-15 16:46:07 |   Metrics | CD: 2993.366611 | F-Score: 0.0000 (P:0.0000 R:0.0000) | L2: 95.426831
2026-01-15 16:49:53 | Epoch 32/200 | Train: 2272.104554 | Val: 3841.191267 | Best: 3841.191267 | LR: 9.68e-05 | Time: 226.0s *
2026-01-15 16:49:53 |   Metrics | CD: 2732.173660 | F-Score: 0.0000 (P:0.0000 R:0.0000) | L2: 90.881733
2026-01-15 16:53:32 | Epoch 33/200 | Train: 1974.873972 | Val: 3745.864811 | Best: 3745.864811 | LR: 9.65e-05 | Time: 219.3s *
2026-01-15 16:53:32 |   Metrics | CD: 2577.272061 | F-Score: 0.0000 (P:0.0000 R:0.0000) | L2: 87.852006
2026-01-15 16:57:22 | Epoch 34/200 | Train: 1800.123357 | Val: 2931.450408 | Best: 2931.450408 | LR: 9.62e-05 | Time: 229.4s *
2026-01-15 16:57:22 |   Metrics | CD: 2052.308501 | F-Score: 0.0000 (P:0.0000 R:0.0000) | L2: 80.137880
2026-01-15 17:00:59 | Epoch 35/200 | Train: 1705.417840 | Val: 5350.216636 | Best: 2931.450408 | LR: 9.58e-05 | Time: 217.6s
2026-01-15 17:00:59 |   Metrics | CD: 3646.514629 | F-Score: 0.0000 (P:0.0000 R:0.0000) | L2: 103.875493
2026-01-15 17:04:31 | Epoch 36/200 | Train: 1589.148958 | Val: 3114.208306 | Best: 2931.450408 | LR: 9.55e-05 | Time: 212.0s
2026-01-15 17:04:31 |   Metrics | CD: 2086.851232 | F-Score: 0.0000 (P:0.0000 R:0.0000) | L2: 81.975976
2026-01-15 17:08:06 | Epoch 37/200 | Train: 1546.721462 | Val: 3467.972483 | Best: 2931.450408 | LR: 9.51e-05 | Time: 214.4s
2026-01-15 17:08:06 |   Metrics | CD: 2191.955642 | F-Score: 0.0000 (P:0.0000 R:0.0000) | L2: 89.217786
2026-01-15 17:11:51 | Epoch 38/200 | Train: 1491.658510 | Val: 2604.035247 | Best: 2604.035247 | LR: 9.48e-05 | Time: 225.5s *
2026-01-15 17:11:51 |   Metrics | CD: 1735.027490 | F-Score: 0.0000 (P:0.0000 R:0.0000) | L2: 77.597605
2026-01-15 17:15:27 | Epoch 39/200 | Train: 1505.932419 | Val: 3299.842041 | Best: 2604.035247 | LR: 9.44e-05 | Time: 215.5s
2026-01-15 17:15:27 |   Metrics | CD: 2048.667449 | F-Score: 0.0000 (P:0.0000 R:0.0000) | L2: 88.345761
2026-01-15 17:19:00 | Epoch 40/200 | Train: 1423.851680 | Val: 3331.401912 | Best: 2604.035247 | LR: 9.40e-05 | Time: 213.5s
2026-01-15 17:19:00 |   Metrics | CD: 2067.186365 | F-Score: 0.0000 (P:0.0000 R:0.0000) | L2: 86.579754
2026-01-15 17:22:32 | Epoch 41/200 | Train: 1394.992557 | Val: 3729.140017 | Best: 2604.035247 | LR: 9.36e-05 | Time: 211.7s
2026-01-15 17:22:32 |   Metrics | CD: 2101.165480 | F-Score: 0.0000 (P:0.0000 R:0.0000) | L2: 91.657503
2026-01-15 17:26:15 | Epoch 42/200 | Train: 1354.369728 | Val: 2419.516283 | Best: 2419.516283 | LR: 9.32e-05 | Time: 223.0s *
2026-01-15 17:26:15 |   Metrics | CD: 1763.413998 | F-Score: 0.0000 (P:0.0000 R:0.0000) | L2: 73.408965
2026-01-15 17:29:51 | Epoch 43/200 | Train: 1303.017082 | Val: 2986.358463 | Best: 2419.516283 | LR: 9.28e-05 | Time: 215.9s
2026-01-15 17:29:51 |   Metrics | CD: 2149.495922 | F-Score: 0.0000 (P:0.0000 R:0.0000) | L2: 77.186207
2026-01-15 17:33:28 | Epoch 44/200 | Train: 1252.284952 | Val: 2963.691798 | Best: 2419.516283 | LR: 9.24e-05 | Time: 217.0s
2026-01-15 17:33:28 |   Metrics | CD: 1873.133864 | F-Score: 0.0000 (P:0.0000 R:0.0000) | L2: 82.529514
2026-01-15 17:37:02 | Epoch 45/200 | Train: 1287.740113 | Val: 3862.907554 | Best: 2419.516283 | LR: 9.19e-05 | Time: 214.4s
2026-01-15 17:37:02 |   Metrics | CD: 2491.362592 | F-Score: 0.0000 (P:0.0000 R:0.0000) | L2: 86.784613
2026-01-15 17:40:35 | Epoch 46/200 | Train: 1277.039021 | Val: 2506.856025 | Best: 2419.516283 | LR: 9.15e-05 | Time: 212.6s
2026-01-15 17:40:35 |   Metrics | CD: 1748.657235 | F-Score: 0.0000 (P:0.0000 R:0.0000) | L2: 73.373488
2026-01-15 17:44:07 | Epoch 47/200 | Train: 1252.022749 | Val: 3406.562776 | Best: 2419.516283 | LR: 9.10e-05 | Time: 212.1s
2026-01-15 17:44:07 |   Metrics | CD: 2190.868993 | F-Score: 0.0000 (P:0.0000 R:0.0000) | L2: 85.997068
2026-01-15 17:47:42 | Epoch 48/200 | Train: 1160.161942 | Val: 5516.312675 | Best: 2419.516283 | LR: 9.05e-05 | Time: 215.4s
2026-01-15 17:47:42 |   Metrics | CD: 3399.932170 | F-Score: 0.0000 (P:0.0000 R:0.0000) | L2: 106.169717
2026-01-15 17:51:18 | Epoch 49/200 | Train: 1185.371966 | Val: 2105.457449 | Best: 2105.457449 | LR: 9.01e-05 | Time: 215.8s *
2026-01-15 17:51:18 |   Metrics | CD: 1524.004517 | F-Score: 0.0000 (P:0.0000 R:0.0000) | L2: 68.857551
2026-01-15 17:54:54 | Epoch 50/200 | Train: 1192.693338 | Val: 2804.460497 | Best: 2105.457449 | LR: 8.96e-05 | Time: 216.2s
2026-01-15 17:54:54 |   Metrics | CD: 1669.705050 | F-Score: 0.0000 (P:0.0000 R:0.0000) | L2: 80.634495
2026-01-15 17:58:31 | Epoch 51/200 | Train: 1180.921159 | Val: 4244.033040 | Best: 2105.457449 | LR: 8.91e-05 | Time: 216.3s
2026-01-15 17:58:31 |   Metrics | CD: 2429.959268 | F-Score: 0.0000 (P:0.0000 R:0.0000) | L2: 97.618499
2026-01-15 18:02:07 | Epoch 52/200 | Train: 1111.119482 | Val: 2311.037531 | Best: 2105.457449 | LR: 8.85e-05 | Time: 216.0s
2026-01-15 18:02:07 |   Metrics | CD: 1601.437404 | F-Score: 0.0000 (P:0.0000 R:0.0000) | L2: 71.815408
2026-01-15 18:05:40 | Epoch 53/200 | Train: 1067.473129 | Val: 2255.000416 | Best: 2105.457449 | LR: 8.80e-05 | Time: 213.0s
2026-01-15 18:05:40 |   Metrics | CD: 1594.364719 | F-Score: 0.0000 (P:0.0000 R:0.0000) | L2: 70.232633
2026-01-15 18:09:17 | Epoch 54/200 | Train: 1081.623444 | Val: 2798.759996 | Best: 2105.457449 | LR: 8.75e-05 | Time: 217.2s
2026-01-15 18:09:17 |   Metrics | CD: 1826.051235 | F-Score: 0.0000 (P:0.0000 R:0.0000) | L2: 79.123001
2026-01-15 18:12:52 | Epoch 55/200 | Train: 1114.844039 | Val: 3528.145735 | Best: 2105.457449 | LR: 8.69e-05 | Time: 215.0s
2026-01-15 18:12:52 |   Metrics | CD: 2055.094821 | F-Score: 0.0000 (P:0.0000 R:0.0000) | L2: 87.942200
2026-01-15 18:16:22 | Epoch 56/200 | Train: 996.339546 | Val: 2516.887263 | Best: 2105.457449 | LR: 8.64e-05 | Time: 210.3s
2026-01-15 18:16:22 |   Metrics | CD: 1637.369218 | F-Score: 0.0000 (P:0.0000 R:0.0000) | L2: 74.939478
2026-01-15 18:19:56 | Epoch 57/200 | Train: 1066.151624 | Val: 2554.778505 | Best: 2105.457449 | LR: 8.58e-05 | Time: 214.2s
2026-01-15 18:19:56 |   Metrics | CD: 1758.494816 | F-Score: 0.0000 (P:0.0000 R:0.0000) | L2: 77.599741
2026-01-15 18:23:30 | Epoch 58/200 | Train: 982.309042 | Val: 2657.471554 | Best: 2105.457449 | LR: 8.52e-05 | Time: 213.9s
2026-01-15 18:23:30 |   Metrics | CD: 1762.218016 | F-Score: 0.0000 (P:0.0000 R:0.0000) | L2: 76.824437
2026-01-15 18:27:10 | Epoch 59/200 | Train: 951.023506 | Val: 2838.588600 | Best: 2105.457449 | LR: 8.46e-05 | Time: 219.7s
2026-01-15 18:27:10 |   Metrics | CD: 1760.107922 | F-Score: 0.0000 (P:0.0000 R:0.0000) | L2: 79.868137
2026-01-15 18:30:51 | Epoch 60/200 | Train: 915.865548 | Val: 3504.697758 | Best: 2105.457449 | LR: 8.40e-05 | Time: 221.5s
2026-01-15 18:30:51 |   Metrics | CD: 2067.330494 | F-Score: 0.0000 (P:0.0000 R:0.0000) | L2: 86.380062
2026-01-15 18:34:29 | Epoch 61/200 | Train: 970.081652 | Val: 2224.437010 | Best: 2105.457449 | LR: 8.34e-05 | Time: 217.3s
2026-01-15 18:34:29 |   Metrics | CD: 1584.928917 | F-Score: 0.0000 (P:0.0000 R:0.0000) | L2: 68.179833
2026-01-15 18:38:05 | Epoch 62/200 | Train: 946.088182 | Val: 3847.152021 | Best: 2105.457449 | LR: 8.28e-05 | Time: 215.9s
2026-01-15 18:38:05 |   Metrics | CD: 2621.324426 | F-Score: 0.0000 (P:0.0000 R:0.0000) | L2: 85.675547
2026-01-15 18:41:37 | Epoch 63/200 | Train: 985.614373 | Val: 2303.226537 | Best: 2105.457449 | LR: 8.22e-05 | Time: 212.1s
2026-01-15 18:41:37 |   Metrics | CD: 1698.453931 | F-Score: 0.0000 (P:0.0000 R:0.0000) | L2: 70.634293
2026-01-15 18:45:11 | Epoch 64/200 | Train: 869.815843 | Val: 2807.298135 | Best: 2105.457449 | LR: 8.15e-05 | Time: 213.8s
2026-01-15 18:45:11 |   Metrics | CD: 1805.726971 | F-Score: 0.0000 (P:0.0000 R:0.0000) | L2: 76.376596
2026-01-15 18:48:47 | Epoch 65/200 | Train: 822.973348 | Val: 3204.509899 | Best: 2105.457449 | LR: 8.09e-05 | Time: 216.9s
2026-01-15 18:48:47 |   Metrics | CD: 2019.369143 | F-Score: 0.0000 (P:0.0000 R:0.0000) | L2: 80.981611
2026-01-15 18:52:19 | Epoch 66/200 | Train: 984.216558 | Val: 3165.270901 | Best: 2105.457449 | LR: 8.03e-05 | Time: 211.5s
2026-01-15 18:52:19 |   Metrics | CD: 2069.529092 | F-Score: 0.0000 (P:0.0000 R:0.0000) | L2: 80.214028
2026-01-15 18:55:57 | Epoch 67/200 | Train: 902.452892 | Val: 2460.446437 | Best: 2105.457449 | LR: 7.96e-05 | Time: 217.6s
2026-01-15 18:55:57 |   Metrics | CD: 1586.872498 | F-Score: 0.0000 (P:0.0000 R:0.0000) | L2: 70.186345
2026-01-15 18:59:32 | Epoch 68/200 | Train: 827.207320 | Val: 2881.154374 | Best: 2105.457449 | LR: 7.89e-05 | Time: 215.1s
2026-01-15 18:59:32 |   Metrics | CD: 1693.953727 | F-Score: 0.0000 (P:0.0000 R:0.0000) | L2: 78.568642
2026-01-15 19:03:06 | Epoch 69/200 | Train: 828.728012 | Val: 3925.361415 | Best: 2105.457449 | LR: 7.83e-05 | Time: 214.6s
2026-01-15 19:03:06 |   Metrics | CD: 2353.488896 | F-Score: 0.0000 (P:0.0000 R:0.0000) | L2: 95.163926
2026-01-15 19:06:42 | Epoch 70/200 | Train: 901.751564 | Val: 3466.675890 | Best: 2105.457449 | LR: 7.76e-05 | Time: 215.3s
2026-01-15 19:06:42 |   Metrics | CD: 2079.073431 | F-Score: 0.0000 (P:0.0000 R:0.0000) | L2: 87.233355
2026-01-15 19:10:16 | Epoch 71/200 | Train: 870.956433 | Val: 2721.302756 | Best: 2105.457449 | LR: 7.69e-05 | Time: 214.1s
2026-01-15 19:10:16 |   Metrics | CD: 1652.021265 | F-Score: 0.0000 (P:0.0000 R:0.0000) | L2: 76.893129
2026-01-15 19:13:51 | Epoch 72/200 | Train: 828.682100 | Val: 2685.018602 | Best: 2105.457449 | LR: 7.62e-05 | Time: 215.0s
2026-01-15 19:13:51 |   Metrics | CD: 1746.869786 | F-Score: 0.0000 (P:0.0000 R:0.0000) | L2: 76.437804
2026-01-15 19:17:24 | Epoch 73/200 | Train: 835.703791 | Val: 3929.588347 | Best: 2105.457449 | LR: 7.55e-05 | Time: 213.1s
2026-01-15 19:17:24 |   Metrics | CD: 2481.062092 | F-Score: 0.0000 (P:0.0000 R:0.0000) | L2: 88.301138
2026-01-15 19:20:58 | Epoch 74/200 | Train: 798.483933 | Val: 3625.113705 | Best: 2105.457449 | LR: 7.48e-05 | Time: 214.0s
2026-01-15 19:20:58 |   Metrics | CD: 2460.532944 | F-Score: 0.0000 (P:0.0000 R:0.0000) | L2: 85.562106
2026-01-15 19:24:30 | Epoch 75/200 | Train: 777.487735 | Val: 2558.256664 | Best: 2105.457449 | LR: 7.41e-05 | Time: 212.3s
2026-01-15 19:24:30 |   Metrics | CD: 1720.213367 | F-Score: 0.0000 (P:0.0000 R:0.0000) | L2: 75.658988
2026-01-15 19:28:05 | Epoch 76/200 | Train: 816.543172 | Val: 2703.650852 | Best: 2105.457449 | LR: 7.33e-05 | Time: 215.3s
2026-01-15 19:28:05 |   Metrics | CD: 1859.453768 | F-Score: 0.0000 (P:0.0000 R:0.0000) | L2: 77.872095
2026-01-15 19:31:38 | Epoch 77/200 | Train: 746.420668 | Val: 2825.941062 | Best: 2105.457449 | LR: 7.26e-05 | Time: 212.3s
2026-01-15 19:31:38 |   Metrics | CD: 1821.029868 | F-Score: 0.0000 (P:0.0000 R:0.0000) | L2: 76.306928
2026-01-15 19:35:21 | Epoch 78/200 | Train: 736.500724 | Val: 2085.925763 | Best: 2085.925763 | LR: 7.19e-05 | Time: 223.6s *
2026-01-15 19:35:21 |   Metrics | CD: 1468.182540 | F-Score: 0.0000 (P:0.0000 R:0.0000) | L2: 66.627598
2026-01-15 19:38:58 | Epoch 79/200 | Train: 733.958042 | Val: 3547.212134 | Best: 2085.925763 | LR: 7.11e-05 | Time: 216.5s
2026-01-15 19:38:58 |   Metrics | CD: 2389.243260 | F-Score: 0.0000 (P:0.0000 R:0.0000) | L2: 84.611296
2026-01-15 19:42:37 | Epoch 80/200 | Train: 740.319672 | Val: 2918.029310 | Best: 2085.925763 | LR: 7.04e-05 | Time: 219.0s
2026-01-15 19:42:37 |   Metrics | CD: 1916.847568 | F-Score: 0.0000 (P:0.0000 R:0.0000) | L2: 78.836116
2026-01-15 19:46:15 | Epoch 81/200 | Train: 701.211290 | Val: 3501.386743 | Best: 2085.925763 | LR: 6.96e-05 | Time: 218.2s
2026-01-15 19:46:15 |   Metrics | CD: 2065.105189 | F-Score: 0.0000 (P:0.0000 R:0.0000) | L2: 87.742682
2026-01-15 19:49:52 | Epoch 82/200 | Train: 714.142840 | Val: 2768.810719 | Best: 2085.925763 | LR: 6.89e-05 | Time: 217.1s
2026-01-15 19:49:52 |   Metrics | CD: 1798.272583 | F-Score: 0.0000 (P:0.0000 R:0.0000) | L2: 78.285905
2026-01-15 19:53:27 | Epoch 83/200 | Train: 693.243629 | Val: 2850.020640 | Best: 2085.925763 | LR: 6.81e-05 | Time: 215.2s
2026-01-15 19:53:27 |   Metrics | CD: 1766.294728 | F-Score: 0.0000 (P:0.0000 R:0.0000) | L2: 74.913751
2026-01-15 19:57:04 | Epoch 84/200 | Train: 698.333907 | Val: 3004.174381 | Best: 2085.925763 | LR: 6.73e-05 | Time: 216.6s
2026-01-15 19:57:04 |   Metrics | CD: 1940.367627 | F-Score: 0.0000 (P:0.0000 R:0.0000) | L2: 81.904946
2026-01-15 20:00:40 | Epoch 85/200 | Train: 697.299362 | Val: 3559.388102 | Best: 2085.925763 | LR: 6.66e-05 | Time: 216.2s
2026-01-15 20:00:40 |   Metrics | CD: 2175.775479 | F-Score: 0.0000 (P:0.0000 R:0.0000) | L2: 88.667641
2026-01-15 20:04:18 | Epoch 86/200 | Train: 717.931353 | Val: 2354.953051 | Best: 2085.925763 | LR: 6.58e-05 | Time: 217.6s
2026-01-15 20:04:18 |   Metrics | CD: 1644.470416 | F-Score: 0.0000 (P:0.0000 R:0.0000) | L2: 72.241371
2026-01-15 20:07:55 | Epoch 87/200 | Train: 735.233229 | Val: 3094.425963 | Best: 2085.925763 | LR: 6.50e-05 | Time: 217.6s
2026-01-15 20:07:55 |   Metrics | CD: 1917.527407 | F-Score: 0.0000 (P:0.0000 R:0.0000) | L2: 83.001411
2026-01-15 20:11:37 | Epoch 88/200 | Train: 671.899970 | Val: 2754.530106 | Best: 2085.925763 | LR: 6.42e-05 | Time: 222.0s
2026-01-15 20:11:37 |   Metrics | CD: 1866.359874 | F-Score: 0.0000 (P:0.0000 R:0.0000) | L2: 75.600502
2026-01-15 20:15:21 | Epoch 89/200 | Train: 668.717977 | Val: 1959.468405 | Best: 1959.468405 | LR: 6.34e-05 | Time: 223.9s *
2026-01-15 20:15:21 |   Metrics | CD: 1423.579227 | F-Score: 0.0000 (P:0.0000 R:0.0000) | L2: 67.978659
2026-01-15 20:19:16 | Epoch 90/200 | Train: 688.496783 | Val: 2491.886099 | Best: 1959.468405 | LR: 6.27e-05 | Time: 234.4s
2026-01-15 20:19:16 |   Metrics | CD: 1656.493218 | F-Score: 0.0000 (P:0.0000 R:0.0000) | L2: 75.594825
2026-01-15 20:22:58 | Epoch 91/200 | Train: 672.986359 | Val: 2957.465698 | Best: 1959.468405 | LR: 6.19e-05 | Time: 222.5s
2026-01-15 20:22:58 |   Metrics | CD: 1959.613254 | F-Score: 0.0000 (P:0.0000 R:0.0000) | L2: 80.534040
2026-01-15 20:26:36 | Epoch 92/200 | Train: 665.527829 | Val: 2926.492366 | Best: 1959.468405 | LR: 6.11e-05 | Time: 217.5s
2026-01-15 20:26:36 |   Metrics | CD: 1809.355604 | F-Score: 0.0000 (P:0.0000 R:0.0000) | L2: 80.758343
2026-01-15 20:30:15 | Epoch 93/200 | Train: 646.085539 | Val: 4690.566743 | Best: 1959.468405 | LR: 6.03e-05 | Time: 219.1s
2026-01-15 20:30:15 |   Metrics | CD: 3032.360112 | F-Score: 0.0000 (P:0.0000 R:0.0000) | L2: 100.570960
2026-01-15 20:33:49 | Epoch 94/200 | Train: 662.664702 | Val: 2146.504888 | Best: 1959.468405 | LR: 5.95e-05 | Time: 214.1s
2026-01-15 20:33:49 |   Metrics | CD: 1642.566427 | F-Score: 0.0000 (P:0.0000 R:0.0000) | L2: 71.655230
2026-01-15 20:37:34 | Epoch 95/200 | Train: 632.050380 | Val: 3029.811727 | Best: 1959.468405 | LR: 5.86e-05 | Time: 224.9s
2026-01-15 20:37:34 |   Metrics | CD: 1867.403966 | F-Score: 0.0000 (P:0.0000 R:0.0000) | L2: 81.660299
2026-01-15 20:41:10 | Epoch 96/200 | Train: 620.003031 | Val: 3463.143809 | Best: 1959.468405 | LR: 5.78e-05 | Time: 216.0s
2026-01-15 20:41:10 |   Metrics | CD: 2183.224976 | F-Score: 0.0000 (P:0.0000 R:0.0000) | L2: 89.719285
2026-01-15 20:44:52 | Epoch 97/200 | Train: 649.310143 | Val: 2295.995631 | Best: 1959.468405 | LR: 5.70e-05 | Time: 221.8s
2026-01-15 20:44:52 |   Metrics | CD: 1671.848765 | F-Score: 0.0000 (P:0.0000 R:0.0000) | L2: 72.112375
2026-01-15 20:48:28 | Epoch 98/200 | Train: 611.467677 | Val: 2662.726240 | Best: 1959.468405 | LR: 5.62e-05 | Time: 216.8s
2026-01-15 20:48:28 |   Metrics | CD: 1628.000327 | F-Score: 0.0000 (P:0.0000 R:0.0000) | L2: 77.527568
2026-01-15 20:52:11 | Epoch 99/200 | Train: 616.626844 | Val: 1787.006920 | Best: 1787.006920 | LR: 5.54e-05 | Time: 222.3s *
2026-01-15 20:52:11 |   Metrics | CD: 1335.162491 | F-Score: 0.0000 (P:0.0000 R:0.0000) | L2: 62.709963
2026-01-15 20:55:52 | Epoch 100/200 | Train: 580.042411 | Val: 2915.369494 | Best: 1787.006920 | LR: 5.46e-05 | Time: 221.2s
2026-01-15 20:55:52 |   Metrics | CD: 1875.281316 | F-Score: 0.0000 (P:0.0000 R:0.0000) | L2: 80.192718
2026-01-15 20:59:29 | Epoch 101/200 | Train: 586.250156 | Val: 3001.455203 | Best: 1787.006920 | LR: 5.38e-05 | Time: 216.8s
2026-01-15 20:59:29 |   Metrics | CD: 2200.188588 | F-Score: 0.0000 (P:0.0000 R:0.0000) | L2: 83.136365
2026-01-15 21:03:08 | Epoch 102/200 | Train: 595.647544 | Val: 2324.963007 | Best: 1787.006920 | LR: 5.30e-05 | Time: 219.5s
2026-01-15 21:03:08 |   Metrics | CD: 1529.248378 | F-Score: 0.0000 (P:0.0000 R:0.0000) | L2: 72.530713
2026-01-15 21:06:51 | Epoch 103/200 | Train: 607.144463 | Val: 2672.427937 | Best: 1787.006920 | LR: 5.21e-05 | Time: 223.2s
2026-01-15 21:06:51 |   Metrics | CD: 1729.372107 | F-Score: 0.0000 (P:0.0000 R:0.0000) | L2: 77.240772
2026-01-15 21:10:28 | Epoch 104/200 | Train: 548.373636 | Val: 3100.925637 | Best: 1787.006920 | LR: 5.13e-05 | Time: 216.7s
2026-01-15 21:10:28 |   Metrics | CD: 2025.337020 | F-Score: 0.0000 (P:0.0000 R:0.0000) | L2: 80.204052
2026-01-15 21:14:07 | Epoch 105/200 | Train: 567.322800 | Val: 2440.108744 | Best: 1787.006920 | LR: 5.05e-05 | Time: 218.6s
2026-01-15 21:14:07 |   Metrics | CD: 1598.677344 | F-Score: 0.0000 (P:0.0000 R:0.0000) | L2: 72.353224
2026-01-15 21:17:51 | Epoch 106/200 | Train: 612.816045 | Val: 2585.114427 | Best: 1787.006920 | LR: 4.97e-05 | Time: 224.2s
2026-01-15 21:17:51 |   Metrics | CD: 1738.019409 | F-Score: 0.0000 (P:0.0000 R:0.0000) | L2: 76.600196
2026-01-15 21:21:30 | Epoch 107/200 | Train: 540.800469 | Val: 3154.343938 | Best: 1787.006920 | LR: 4.89e-05 | Time: 219.4s
2026-01-15 21:21:30 |   Metrics | CD: 2038.209078 | F-Score: 0.0000 (P:0.0000 R:0.0000) | L2: 83.686944
2026-01-15 21:25:08 | Epoch 108/200 | Train: 577.658239 | Val: 2910.798279 | Best: 1787.006920 | LR: 4.80e-05 | Time: 217.4s
2026-01-15 21:25:08 |   Metrics | CD: 1778.324011 | F-Score: 0.0000 (P:0.0000 R:0.0000) | L2: 81.392990
2026-01-15 21:28:43 | Epoch 109/200 | Train: 529.386706 | Val: 2302.200164 | Best: 1787.006920 | LR: 4.72e-05 | Time: 214.9s
2026-01-15 21:28:43 |   Metrics | CD: 1536.710665 | F-Score: 0.0000 (P:0.0000 R:0.0000) | L2: 72.516177
2026-01-15 21:32:21 | Epoch 110/200 | Train: 525.328275 | Val: 2327.592509 | Best: 1787.006920 | LR: 4.64e-05 | Time: 218.4s
2026-01-15 21:32:21 |   Metrics | CD: 1638.214385 | F-Score: 0.0000 (P:0.0000 R:0.0000) | L2: 71.042900
2026-01-15 21:36:00 | Epoch 111/200 | Train: 531.660909 | Val: 2579.399056 | Best: 1787.006920 | LR: 4.56e-05 | Time: 218.8s
2026-01-15 21:36:00 |   Metrics | CD: 1724.646583 | F-Score: 0.0000 (P:0.0000 R:0.0000) | L2: 74.240787
2026-01-15 21:39:35 | Epoch 112/200 | Train: 490.547672 | Val: 2617.446409 | Best: 1787.006920 | LR: 4.48e-05 | Time: 215.4s
2026-01-15 21:39:35 |   Metrics | CD: 1716.059860 | F-Score: 0.0000 (P:0.0000 R:0.0000) | L2: 75.143078
2026-01-15 21:43:11 | Epoch 113/200 | Train: 505.196694 | Val: 3066.028536 | Best: 1787.006920 | LR: 4.40e-05 | Time: 215.4s
2026-01-15 21:43:11 |   Metrics | CD: 1885.383193 | F-Score: 0.0000 (P:0.0000 R:0.0000) | L2: 82.455794
2026-01-15 21:46:48 | Epoch 114/200 | Train: 500.934682 | Val: 2413.463221 | Best: 1787.006920 | LR: 4.32e-05 | Time: 217.3s
2026-01-15 21:46:48 |   Metrics | CD: 1661.198347 | F-Score: 0.0000 (P:0.0000 R:0.0000) | L2: 73.464500
2026-01-15 21:50:25 | Epoch 115/200 | Train: 527.619226 | Val: 2987.709556 | Best: 1787.006920 | LR: 4.24e-05 | Time: 217.6s
2026-01-15 21:50:25 |   Metrics | CD: 1891.943550 | F-Score: 0.0000 (P:0.0000 R:0.0000) | L2: 80.329695
2026-01-15 21:54:10 | Epoch 116/200 | Train: 490.871717 | Val: 2452.145227 | Best: 1787.006920 | LR: 4.15e-05 | Time: 224.7s
2026-01-15 21:54:10 |   Metrics | CD: 1722.296824 | F-Score: 0.0000 (P:0.0000 R:0.0000) | L2: 75.239176
2026-01-15 21:57:49 | Epoch 117/200 | Train: 477.872634 | Val: 3021.116294 | Best: 1787.006920 | LR: 4.07e-05 | Time: 219.2s
2026-01-15 21:57:49 |   Metrics | CD: 1952.423647 | F-Score: 0.0000 (P:0.0000 R:0.0000) | L2: 83.425211
2026-01-15 22:01:29 | Epoch 118/200 | Train: 469.587497 | Val: 3370.887905 | Best: 1787.006920 | LR: 3.99e-05 | Time: 219.8s
2026-01-15 22:01:29 |   Metrics | CD: 2175.674346 | F-Score: 0.0000 (P:0.0000 R:0.0000) | L2: 84.172490
2026-01-15 22:05:06 | Epoch 119/200 | Train: 494.059898 | Val: 2269.404597 | Best: 1787.006920 | LR: 3.91e-05 | Time: 216.8s
2026-01-15 22:05:06 |   Metrics | CD: 1506.653121 | F-Score: 0.0000 (P:0.0000 R:0.0000) | L2: 71.145406
2026-01-15 22:08:46 | Epoch 120/200 | Train: 471.122804 | Val: 2572.577296 | Best: 1787.006920 | LR: 3.83e-05 | Time: 219.8s
2026-01-15 22:08:46 |   Metrics | CD: 1752.441787 | F-Score: 0.0000 (P:0.0000 R:0.0000) | L2: 75.926663
2026-01-15 22:12:27 | Epoch 121/200 | Train: 484.588635 | Val: 3528.667375 | Best: 1787.006920 | LR: 3.76e-05 | Time: 221.2s
2026-01-15 22:12:27 |   Metrics | CD: 2108.058792 | F-Score: 0.0000 (P:0.0000 R:0.0000) | L2: 88.145744
2026-01-15 22:16:01 | Epoch 122/200 | Train: 466.759950 | Val: 1897.874916 | Best: 1787.006920 | LR: 3.68e-05 | Time: 214.5s
2026-01-15 22:16:01 |   Metrics | CD: 1370.499467 | F-Score: 0.0000 (P:0.0000 R:0.0000) | L2: 65.283728
2026-01-15 22:19:42 | Epoch 123/200 | Train: 457.342392 | Val: 2524.802150 | Best: 1787.006920 | LR: 3.60e-05 | Time: 220.4s
2026-01-15 22:19:42 |   Metrics | CD: 1676.025416 | F-Score: 0.0000 (P:0.0000 R:0.0000) | L2: 75.002808
2026-01-15 22:23:19 | Epoch 124/200 | Train: 449.021035 | Val: 3156.083505 | Best: 1787.006920 | LR: 3.52e-05 | Time: 217.0s
2026-01-15 22:23:19 |   Metrics | CD: 1978.531260 | F-Score: 0.0000 (P:0.0000 R:0.0000) | L2: 83.872752
2026-01-15 22:26:59 | Epoch 125/200 | Train: 450.759687 | Val: 2309.956019 | Best: 1787.006920 | LR: 3.44e-05 | Time: 220.2s
2026-01-15 22:26:59 |   Metrics | CD: 1641.472437 | F-Score: 0.0000 (P:0.0000 R:0.0000) | L2: 72.209042
2026-01-15 22:30:34 | Epoch 126/200 | Train: 433.156134 | Val: 3171.537904 | Best: 1787.006920 | LR: 3.37e-05 | Time: 215.1s
2026-01-15 22:30:34 |   Metrics | CD: 2119.296675 | F-Score: 0.0000 (P:0.0000 R:0.0000) | L2: 83.452867
2026-01-15 22:34:11 | Epoch 127/200 | Train: 430.404329 | Val: 2775.088679 | Best: 1787.006920 | LR: 3.29e-05 | Time: 217.3s
2026-01-15 22:34:11 |   Metrics | CD: 1733.654716 | F-Score: 0.0000 (P:0.0000 R:0.0000) | L2: 78.207520
2026-01-15 22:37:47 | Epoch 128/200 | Train: 473.994030 | Val: 2453.189022 | Best: 1787.006920 | LR: 3.21e-05 | Time: 215.6s
2026-01-15 22:37:47 |   Metrics | CD: 1577.685793 | F-Score: 0.0000 (P:0.0000 R:0.0000) | L2: 72.669424
2026-01-15 22:41:22 | Epoch 129/200 | Train: 432.574923 | Val: 2681.343441 | Best: 1787.006920 | LR: 3.14e-05 | Time: 215.3s
2026-01-15 22:41:22 |   Metrics | CD: 1775.773466 | F-Score: 0.0000 (P:0.0000 R:0.0000) | L2: 78.106668
2026-01-15 22:45:02 | Epoch 130/200 | Train: 467.128669 | Val: 2384.823884 | Best: 1787.006920 | LR: 3.06e-05 | Time: 219.5s
2026-01-15 22:45:02 |   Metrics | CD: 1527.021429 | F-Score: 0.0000 (P:0.0000 R:0.0000) | L2: 72.764238
2026-01-15 22:48:39 | Epoch 131/200 | Train: 431.518734 | Val: 2496.236964 | Best: 1787.006920 | LR: 2.99e-05 | Time: 217.0s
2026-01-15 22:48:39 |   Metrics | CD: 1662.992775 | F-Score: 0.0000 (P:0.0000 R:0.0000) | L2: 75.078653
2026-01-15 22:52:19 | Epoch 132/200 | Train: 435.837669 | Val: 3231.493837 | Best: 1787.006920 | LR: 2.91e-05 | Time: 219.7s
2026-01-15 22:52:19 |   Metrics | CD: 2095.243594 | F-Score: 0.0000 (P:0.0000 R:0.0000) | L2: 85.478174
2026-01-15 22:55:55 | Epoch 133/200 | Train: 427.799771 | Val: 2665.715880 | Best: 1787.006920 | LR: 2.84e-05 | Time: 216.1s
2026-01-15 22:55:55 |   Metrics | CD: 1750.752037 | F-Score: 0.0000 (P:0.0000 R:0.0000) | L2: 78.373392
2026-01-15 22:59:32 | Epoch 134/200 | Train: 396.217219 | Val: 2013.669259 | Best: 1787.006920 | LR: 2.77e-05 | Time: 217.3s
2026-01-15 22:59:32 |   Metrics | CD: 1400.750099 | F-Score: 0.0000 (P:0.0000 R:0.0000) | L2: 66.523011
2026-01-15 23:03:07 | Epoch 135/200 | Train: 413.127756 | Val: 2060.276606 | Best: 1787.006920 | LR: 2.69e-05 | Time: 214.6s
2026-01-15 23:03:07 |   Metrics | CD: 1373.959513 | F-Score: 0.0000 (P:0.0000 R:0.0000) | L2: 68.289183
2026-01-15 23:06:44 | Epoch 136/200 | Train: 420.965009 | Val: 2200.723599 | Best: 1787.006920 | LR: 2.62e-05 | Time: 217.2s
2026-01-15 23:06:44 |   Metrics | CD: 1447.641207 | F-Score: 0.0000 (P:0.0000 R:0.0000) | L2: 69.989844
2026-01-15 23:10:21 | Epoch 137/200 | Train: 395.547911 | Val: 2068.152605 | Best: 1787.006920 | LR: 2.55e-05 | Time: 217.3s
2026-01-15 23:10:21 |   Metrics | CD: 1464.446207 | F-Score: 0.0000 (P:0.0000 R:0.0000) | L2: 68.081591
2026-01-15 23:13:56 | Epoch 138/200 | Train: 387.459281 | Val: 2476.696521 | Best: 1787.006920 | LR: 2.48e-05 | Time: 215.2s
2026-01-15 23:13:56 |   Metrics | CD: 1684.617103 | F-Score: 0.0000 (P:0.0000 R:0.0000) | L2: 73.627208
2026-01-15 23:17:31 | Epoch 139/200 | Train: 389.565555 | Val: 2608.735680 | Best: 1787.006920 | LR: 2.41e-05 | Time: 214.4s
2026-01-15 23:17:31 |   Metrics | CD: 1680.768563 | F-Score: 0.0000 (P:0.0000 R:0.0000) | L2: 77.800067
2026-01-15 23:21:11 | Epoch 140/200 | Train: 421.844980 | Val: 1906.342716 | Best: 1787.006920 | LR: 2.34e-05 | Time: 220.3s
2026-01-15 23:21:11 |   Metrics | CD: 1391.590217 | F-Score: 0.0000 (P:0.0000 R:0.0000) | L2: 66.270691
2026-01-15 23:24:53 | Epoch 141/200 | Train: 386.122539 | Val: 2220.437256 | Best: 1787.006920 | LR: 2.27e-05 | Time: 222.2s
2026-01-15 23:24:53 |   Metrics | CD: 1456.030425 | F-Score: 0.0000 (P:0.0000 R:0.0000) | L2: 70.903188
2026-01-15 23:28:28 | Epoch 142/200 | Train: 393.653824 | Val: 1993.125756 | Best: 1787.006920 | LR: 2.21e-05 | Time: 214.8s
2026-01-15 23:28:28 |   Metrics | CD: 1344.099296 | F-Score: 0.0000 (P:0.0000 R:0.0000) | L2: 67.670566
2026-01-15 23:32:09 | Epoch 143/200 | Train: 379.282680 | Val: 2112.048274 | Best: 1787.006920 | LR: 2.14e-05 | Time: 221.4s
2026-01-15 23:32:09 |   Metrics | CD: 1420.517574 | F-Score: 0.0000 (P:0.0000 R:0.0000) | L2: 70.441992
2026-01-15 23:35:51 | Epoch 144/200 | Train: 382.738834 | Val: 2078.482488 | Best: 1787.006920 | LR: 2.07e-05 | Time: 221.3s
2026-01-15 23:35:51 |   Metrics | CD: 1403.664885 | F-Score: 0.0000 (P:0.0000 R:0.0000) | L2: 67.946751
2026-01-15 23:39:34 | Epoch 145/200 | Train: 369.360770 | Val: 2083.495282 | Best: 1787.006920 | LR: 2.01e-05 | Time: 223.7s
2026-01-15 23:39:34 |   Metrics | CD: 1403.145165 | F-Score: 0.0000 (P:0.0000 R:0.0000) | L2: 68.439176
2026-01-15 23:43:14 | Epoch 146/200 | Train: 377.166598 | Val: 1989.688987 | Best: 1787.006920 | LR: 1.95e-05 | Time: 219.1s
2026-01-15 23:43:14 |   Metrics | CD: 1421.893735 | F-Score: 0.0000 (P:0.0000 R:0.0000) | L2: 66.319161
2026-01-15 23:46:53 | Epoch 147/200 | Train: 372.599144 | Val: 2222.359043 | Best: 1787.006920 | LR: 1.88e-05 | Time: 219.2s
2026-01-15 23:46:53 |   Metrics | CD: 1496.580404 | F-Score: 0.0000 (P:0.0000 R:0.0000) | L2: 71.598591
2026-01-15 23:50:30 | Epoch 148/200 | Train: 358.785421 | Val: 2217.941295 | Best: 1787.006920 | LR: 1.82e-05 | Time: 217.5s
2026-01-15 23:50:30 |   Metrics | CD: 1439.090767 | F-Score: 0.0000 (P:0.0000 R:0.0000) | L2: 70.796208
2026-01-15 23:54:18 | Epoch 149/200 | Train: 385.007855 | Val: 1709.423237 | Best: 1709.423237 | LR: 1.76e-05 | Time: 227.8s *
2026-01-15 23:54:18 |   Metrics | CD: 1184.819836 | F-Score: 0.0000 (P:0.0000 R:0.0000) | L2: 62.562665
2026-01-15 23:57:59 | Epoch 150/200 | Train: 368.304255 | Val: 2523.687050 | Best: 1709.423237 | LR: 1.70e-05 | Time: 220.6s
2026-01-15 23:57:59 |   Metrics | CD: 1637.377733 | F-Score: 0.0000 (P:0.0000 R:0.0000) | L2: 75.491324
2026-01-16 00:01:36 | Epoch 151/200 | Train: 347.451439 | Val: 1753.120461 | Best: 1709.423237 | LR: 1.64e-05 | Time: 217.5s
2026-01-16 00:01:36 |   Metrics | CD: 1306.074778 | F-Score: 0.0000 (P:0.0000 R:0.0000) | L2: 63.614701
2026-01-16 00:05:11 | Epoch 152/200 | Train: 355.613264 | Val: 2087.921115 | Best: 1709.423237 | LR: 1.58e-05 | Time: 214.2s
2026-01-16 00:05:11 |   Metrics | CD: 1434.409724 | F-Score: 0.0000 (P:0.0000 R:0.0000) | L2: 69.845031
2026-01-16 00:08:48 | Epoch 153/200 | Train: 355.223170 | Val: 1998.425339 | Best: 1709.423237 | LR: 1.52e-05 | Time: 217.1s
2026-01-16 00:08:48 |   Metrics | CD: 1405.377252 | F-Score: 0.0000 (P:0.0000 R:0.0000) | L2: 66.701551
2026-01-16 00:12:25 | Epoch 154/200 | Train: 353.986214 | Val: 2198.301754 | Best: 1709.423237 | LR: 1.46e-05 | Time: 217.1s
2026-01-16 00:12:25 |   Metrics | CD: 1499.294287 | F-Score: 0.0000 (P:0.0000 R:0.0000) | L2: 70.592239
2026-01-16 00:16:08 | Epoch 155/200 | Train: 347.593457 | Val: 1959.323711 | Best: 1709.423237 | LR: 1.41e-05 | Time: 223.0s
2026-01-16 00:16:08 |   Metrics | CD: 1342.033082 | F-Score: 0.0000 (P:0.0000 R:0.0000) | L2: 66.200760
2026-01-16 00:19:49 | Epoch 156/200 | Train: 366.207423 | Val: 2410.690969 | Best: 1709.423237 | LR: 1.35e-05 | Time: 221.2s
2026-01-16 00:19:49 |   Metrics | CD: 1609.050963 | F-Score: 0.0000 (P:0.0000 R:0.0000) | L2: 73.821277
2026-01-16 00:23:27 | Epoch 157/200 | Train: 335.969340 | Val: 2486.926481 | Best: 1709.423237 | LR: 1.30e-05 | Time: 217.7s
2026-01-16 00:23:27 |   Metrics | CD: 1618.594971 | F-Score: 0.0000 (P:0.0000 R:0.0000) | L2: 74.187066
2026-01-16 00:27:04 | Epoch 158/200 | Train: 345.428337 | Val: 1932.060535 | Best: 1709.423237 | LR: 1.25e-05 | Time: 217.0s
2026-01-16 00:27:04 |   Metrics | CD: 1350.603247 | F-Score: 0.0000 (P:0.0000 R:0.0000) | L2: 65.722811
2026-01-16 00:30:39 | Epoch 159/200 | Train: 350.104293 | Val: 2054.072411 | Best: 1709.423237 | LR: 1.19e-05 | Time: 215.6s
2026-01-16 00:30:39 |   Metrics | CD: 1399.342531 | F-Score: 0.0000 (P:0.0000 R:0.0000) | L2: 68.481278
2026-01-16 00:34:26 | Epoch 160/200 | Train: 340.951943 | Val: 1846.008939 | Best: 1709.423237 | LR: 1.14e-05 | Time: 226.6s
2026-01-16 00:34:26 |   Metrics | CD: 1280.695322 | F-Score: 0.0000 (P:0.0000 R:0.0000) | L2: 64.646391
2026-01-16 00:38:06 | Epoch 161/200 | Train: 334.568051 | Val: 1821.718586 | Best: 1709.423237 | LR: 1.09e-05 | Time: 220.6s
2026-01-16 00:38:06 |   Metrics | CD: 1237.658447 | F-Score: 0.0000 (P:0.0000 R:0.0000) | L2: 65.026432
2026-01-16 00:41:46 | Epoch 162/200 | Train: 331.712027 | Val: 1690.055092 | Best: 1690.055092 | LR: 1.05e-05 | Time: 219.6s *
2026-01-16 00:41:46 |   Metrics | CD: 1219.942391 | F-Score: 0.0000 (P:0.0000 R:0.0000) | L2: 62.850375
2026-01-16 00:45:27 | Epoch 163/200 | Train: 340.560527 | Val: 2152.610001 | Best: 1690.055092 | LR: 9.98e-06 | Time: 221.0s
2026-01-16 00:45:27 |   Metrics | CD: 1443.190201 | F-Score: 0.0000 (P:0.0000 R:0.0000) | L2: 70.180173
2026-01-16 00:49:08 | Epoch 164/200 | Train: 329.904507 | Val: 1620.706110 | Best: 1620.706110 | LR: 9.51e-06 | Time: 220.8s *
2026-01-16 00:49:08 |   Metrics | CD: 1167.380720 | F-Score: 0.0000 (P:0.0000 R:0.0000) | L2: 61.035516
2026-01-16 00:52:45 | Epoch 165/200 | Train: 327.694906 | Val: 2112.205273 | Best: 1620.706110 | LR: 9.06e-06 | Time: 217.2s
2026-01-16 00:52:45 |   Metrics | CD: 1431.412784 | F-Score: 0.0000 (P:0.0000 R:0.0000) | L2: 69.910644
2026-01-16 00:56:23 | Epoch 166/200 | Train: 315.979768 | Val: 2134.585195 | Best: 1620.706110 | LR: 8.62e-06 | Time: 217.5s
2026-01-16 00:56:23 |   Metrics | CD: 1396.656471 | F-Score: 0.0000 (P:0.0000 R:0.0000) | L2: 69.422490
2026-01-16 01:00:00 | Epoch 167/200 | Train: 331.199414 | Val: 1753.625391 | Best: 1620.706110 | LR: 8.19e-06 | Time: 217.3s
2026-01-16 01:00:00 |   Metrics | CD: 1232.640500 | F-Score: 0.0000 (P:0.0000 R:0.0000) | L2: 62.916590
2026-01-16 01:03:40 | Epoch 168/200 | Train: 330.323971 | Val: 1977.233323 | Best: 1620.706110 | LR: 7.77e-06 | Time: 219.6s
2026-01-16 01:03:40 |   Metrics | CD: 1341.340494 | F-Score: 0.0000 (P:0.0000 R:0.0000) | L2: 67.198210
2026-01-16 01:07:16 | Epoch 169/200 | Train: 326.269092 | Val: 2093.610455 | Best: 1620.706110 | LR: 7.36e-06 | Time: 216.8s
2026-01-16 01:07:16 |   Metrics | CD: 1403.945195 | F-Score: 0.0000 (P:0.0000 R:0.0000) | L2: 69.792230
2026-01-16 01:10:57 | Epoch 170/200 | Train: 319.579454 | Val: 1905.945254 | Best: 1620.706110 | LR: 6.97e-06 | Time: 220.8s
2026-01-16 01:10:57 |   Metrics | CD: 1278.169396 | F-Score: 0.0000 (P:0.0000 R:0.0000) | L2: 66.232232
2026-01-16 01:14:32 | Epoch 171/200 | Train: 310.145929 | Val: 1780.970112 | Best: 1620.706110 | LR: 6.58e-06 | Time: 215.3s
2026-01-16 01:14:32 |   Metrics | CD: 1277.936278 | F-Score: 0.0000 (P:0.0000 R:0.0000) | L2: 64.732207
2026-01-16 01:18:10 | Epoch 172/200 | Train: 316.848469 | Val: 1942.136891 | Best: 1620.706110 | LR: 6.21e-06 | Time: 218.0s
2026-01-16 01:18:10 |   Metrics | CD: 1335.523693 | F-Score: 0.0000 (P:0.0000 R:0.0000) | L2: 67.377464
2026-01-16 01:21:49 | Epoch 173/200 | Train: 321.257954 | Val: 1766.170791 | Best: 1620.706110 | LR: 5.85e-06 | Time: 219.1s
2026-01-16 01:21:49 |   Metrics | CD: 1255.837338 | F-Score: 0.0000 (P:0.0000 R:0.0000) | L2: 64.023434
2026-01-16 01:25:27 | Epoch 174/200 | Train: 310.623142 | Val: 2112.221671 | Best: 1620.706110 | LR: 5.50e-06 | Time: 217.8s
2026-01-16 01:25:27 |   Metrics | CD: 1425.391013 | F-Score: 0.0000 (P:0.0000 R:0.0000) | L2: 69.650264
2026-01-16 01:29:07 | Epoch 175/200 | Train: 300.547419 | Val: 2010.348387 | Best: 1620.706110 | LR: 5.17e-06 | Time: 219.5s
2026-01-16 01:29:07 |   Metrics | CD: 1343.333256 | F-Score: 0.0000 (P:0.0000 R:0.0000) | L2: 68.530272
2026-01-16 01:32:57 | Epoch 176/200 | Train: 311.006329 | Val: 1862.466747 | Best: 1620.706110 | LR: 4.85e-06 | Time: 229.9s
2026-01-16 01:32:57 |   Metrics | CD: 1273.086677 | F-Score: 0.0000 (P:0.0000 R:0.0000) | L2: 65.257253
2026-01-16 01:36:35 | Epoch 177/200 | Train: 299.292314 | Val: 2104.540540 | Best: 1620.706110 | LR: 4.54e-06 | Time: 218.5s
2026-01-16 01:36:35 |   Metrics | CD: 1363.794496 | F-Score: 0.0000 (P:0.0000 R:0.0000) | L2: 69.773722
2026-01-16 01:40:12 | Epoch 178/200 | Train: 320.672223 | Val: 1996.300382 | Best: 1620.706110 | LR: 4.24e-06 | Time: 217.3s
2026-01-16 01:40:12 |   Metrics | CD: 1344.490332 | F-Score: 0.0000 (P:0.0000 R:0.0000) | L2: 67.997039
2026-01-16 01:43:53 | Epoch 179/200 | Train: 308.166018 | Val: 1839.844250 | Best: 1620.706110 | LR: 3.95e-06 | Time: 220.3s
2026-01-16 01:43:53 |   Metrics | CD: 1310.628320 | F-Score: 0.0000 (P:0.0000 R:0.0000) | L2: 65.364225
2026-01-16 01:47:41 | Epoch 180/200 | Train: 301.256280 | Val: 1932.751185 | Best: 1620.706110 | LR: 3.68e-06 | Time: 228.6s
2026-01-16 01:47:41 |   Metrics | CD: 1312.485168 | F-Score: 0.0000 (P:0.0000 R:0.0000) | L2: 66.734301
2026-01-16 01:51:22 | Epoch 181/200 | Train: 296.871117 | Val: 2051.401041 | Best: 1620.706110 | LR: 3.42e-06 | Time: 220.6s
2026-01-16 01:51:22 |   Metrics | CD: 1392.972939 | F-Score: 0.0000 (P:0.0000 R:0.0000) | L2: 68.686572
2026-01-16 01:54:57 | Epoch 182/200 | Train: 310.756408 | Val: 2148.579923 | Best: 1620.706110 | LR: 3.18e-06 | Time: 215.6s
2026-01-16 01:54:57 |   Metrics | CD: 1428.945175 | F-Score: 0.0000 (P:0.0000 R:0.0000) | L2: 70.309968
2026-01-16 01:58:35 | Epoch 183/200 | Train: 303.091480 | Val: 2087.914967 | Best: 1620.706110 | LR: 2.94e-06 | Time: 217.6s
2026-01-16 01:58:35 |   Metrics | CD: 1433.448292 | F-Score: 0.0000 (P:0.0000 R:0.0000) | L2: 69.627481
2026-01-16 02:02:14 | Epoch 184/200 | Train: 315.533365 | Val: 1974.106779 | Best: 1620.706110 | LR: 2.72e-06 | Time: 218.7s
2026-01-16 02:02:14 |   Metrics | CD: 1343.645483 | F-Score: 0.0000 (P:0.0000 R:0.0000) | L2: 67.642369
2026-01-16 02:05:49 | Epoch 185/200 | Train: 304.680418 | Val: 1920.261989 | Best: 1620.706110 | LR: 2.51e-06 | Time: 215.6s
2026-01-16 02:05:49 |   Metrics | CD: 1313.609666 | F-Score: 0.0000 (P:0.0000 R:0.0000) | L2: 66.523646
2026-01-16 02:09:31 | Epoch 186/200 | Train: 296.750779 | Val: 2140.805900 | Best: 1620.706110 | LR: 2.32e-06 | Time: 222.1s
2026-01-16 02:09:31 |   Metrics | CD: 1438.172133 | F-Score: 0.0000 (P:0.0000 R:0.0000) | L2: 70.225463
2026-01-16 02:13:10 | Epoch 187/200 | Train: 299.787612 | Val: 1981.106761 | Best: 1620.706110 | LR: 2.14e-06 | Time: 218.9s
2026-01-16 02:13:10 |   Metrics | CD: 1342.236985 | F-Score: 0.0000 (P:0.0000 R:0.0000) | L2: 66.941196
2026-01-16 02:16:45 | Epoch 188/200 | Train: 317.043142 | Val: 2039.291001 | Best: 1620.706110 | LR: 1.97e-06 | Time: 214.8s
2026-01-16 02:16:45 |   Metrics | CD: 1366.806017 | F-Score: 0.0000 (P:0.0000 R:0.0000) | L2: 68.521570
2026-01-16 02:20:24 | Epoch 189/200 | Train: 295.986519 | Val: 1870.379623 | Best: 1620.706110 | LR: 1.82e-06 | Time: 218.4s
2026-01-16 02:20:24 |   Metrics | CD: 1290.502941 | F-Score: 0.0000 (P:0.0000 R:0.0000) | L2: 65.338904
2026-01-16 02:24:09 | Epoch 190/200 | Train: 291.329969 | Val: 1958.648340 | Best: 1620.706110 | LR: 1.68e-06 | Time: 225.2s
2026-01-16 02:24:09 |   Metrics | CD: 1314.077076 | F-Score: 0.0000 (P:0.0000 R:0.0000) | L2: 66.764646
2026-01-16 02:27:51 | Epoch 191/200 | Train: 295.933864 | Val: 1742.814127 | Best: 1620.706110 | LR: 1.55e-06 | Time: 222.6s
2026-01-16 02:27:51 |   Metrics | CD: 1232.851022 | F-Score: 0.0000 (P:0.0000 R:0.0000) | L2: 63.446035
2026-01-16 02:31:28 | Epoch 192/200 | Train: 303.304832 | Val: 2057.535894 | Best: 1620.706110 | LR: 1.43e-06 | Time: 216.9s
2026-01-16 02:31:28 |   Metrics | CD: 1377.172649 | F-Score: 0.0000 (P:0.0000 R:0.0000) | L2: 68.799454
2026-01-16 02:35:04 | Epoch 193/200 | Train: 287.407733 | Val: 1943.961700 | Best: 1620.706110 | LR: 1.33e-06 | Time: 216.0s
2026-01-16 02:35:04 |   Metrics | CD: 1325.093661 | F-Score: 0.0000 (P:0.0000 R:0.0000) | L2: 66.713690
2026-01-16 02:38:43 | Epoch 194/200 | Train: 298.278273 | Val: 1884.108605 | Best: 1620.706110 | LR: 1.24e-06 | Time: 218.4s
2026-01-16 02:38:43 |   Metrics | CD: 1273.277261 | F-Score: 0.0000 (P:0.0000 R:0.0000) | L2: 65.292018
2026-01-16 02:42:23 | Epoch 195/200 | Train: 282.865529 | Val: 1828.757601 | Best: 1620.706110 | LR: 1.17e-06 | Time: 220.1s
2026-01-16 02:42:23 |   Metrics | CD: 1278.211022 | F-Score: 0.0000 (P:0.0000 R:0.0000) | L2: 65.138168
2026-01-16 02:46:03 | Epoch 196/200 | Train: 293.640657 | Val: 2025.325248 | Best: 1620.706110 | LR: 1.11e-06 | Time: 220.0s
2026-01-16 02:46:03 |   Metrics | CD: 1362.365143 | F-Score: 0.0000 (P:0.0000 R:0.0000) | L2: 68.074194
2026-01-16 02:49:39 | Epoch 197/200 | Train: 313.784879 | Val: 1850.658661 | Best: 1620.706110 | LR: 1.06e-06 | Time: 216.4s
2026-01-16 02:49:39 |   Metrics | CD: 1316.514342 | F-Score: 0.0000 (P:0.0000 R:0.0000) | L2: 65.936203
2026-01-16 02:53:15 | Epoch 198/200 | Train: 288.574460 | Val: 1914.508518 | Best: 1620.706110 | LR: 1.03e-06 | Time: 215.3s
2026-01-16 02:53:15 |   Metrics | CD: 1326.733137 | F-Score: 0.0000 (P:0.0000 R:0.0000) | L2: 66.647934
2026-01-16 02:56:43 | Epoch 199/200 | Train: 289.091373 | Val: 1846.680142 | Best: 1620.706110 | LR: 1.01e-06 | Time: 208.0s
2026-01-16 02:56:43 |   Metrics | CD: 1264.720647 | F-Score: 0.0000 (P:0.0000 R:0.0000) | L2: 65.476028
2026-01-16 03:00:16 | Epoch 200/200 | Train: 301.477920 | Val: 1945.453408 | Best: 1620.706110 | LR: 1.00e-06 | Time: 213.9s
2026-01-16 03:00:16 |   Metrics | CD: 1323.198497 | F-Score: 0.0000 (P:0.0000 R:0.0000) | L2: 66.653560
2026-01-16 03:00:16 | ============================================================
2026-01-16 03:00:16 | Training complete!
2026-01-16 03:00:16 | Best validation loss: 1620.706110
2026-01-16 03:00:16 | Encoder weights saved to: body-pretrained-encoder/checkpoints/encoder_best.pth
2026-01-16 03:00:16 | ============================================================
